# JRE version: OpenJDK Runtime Environment (11.0.15) (build 11.0.15+0-b2043.56-9505619)
# Java VM: OpenJDK 64-Bit Server VM (11.0.15+0-b2043.56-9505619, mixed mode, tiered, compressed oops, g1 gc, windows-amd64)
Heap:
 garbage-first heap   total 211968K, used 156474K [0x0000000080000000, 0x0000000100000000)
  region size 1024K, 1 young (1024K), 1 survivors (1024K)
 Metaspace       used 106552K, capacity 109471K, committed 109864K, reserved 1144832K
  class space    used 13665K, capacity 14728K, committed 14872K, reserved 1048576K
GC Heap History (20 events):
Event: 61.148 GC heap before
{Heap before GC invocations=41 (full 0):
 garbage-first heap   total 157696K, used 106453K [0x0000000080000000, 0x0000000100000000)
  region size 1024K, 7 young (7168K), 2 survivors (2048K)
 Metaspace       used 102143K, capacity 104899K, committed 105128K, reserved 1140736K
  class space    used 13095K, capacity 14127K, committed 14232K, reserved 1048576K
}
Event: 61.155 GC heap after
{Heap after GC invocations=42 (full 0):
 garbage-first heap   total 157696K, used 100519K [0x0000000080000000, 0x0000000100000000)
  region size 1024K, 1 young (1024K), 1 survivors (1024K)
 Metaspace       used 102143K, capacity 104899K, committed 105128K, reserved 1140736K
  class space    used 13095K, capacity 14127K, committed 14232K, reserved 1048576K
}
Event: 61.340 GC heap before
{Heap before GC invocations=42 (full 0):
 garbage-first heap   total 157696K, used 109735K [0x0000000080000000, 0x0000000100000000)
  region size 1024K, 12 young (12288K), 1 survivors (1024K)
 Metaspace       used 102487K, capacity 105293K, committed 105384K, reserved 1140736K
  class space    used 13136K, capacity 14186K, committed 14232K, reserved 1048576K
}
Event: 61.344 GC heap after
{Heap after GC invocations=43 (full 0):
 garbage-first heap   total 157696K, used 101133K [0x0000000080000000, 0x0000000100000000)
  region size 1024K, 1 young (1024K), 1 survivors (1024K)
 Metaspace       used 102487K, capacity 105293K, committed 105384K, reserved 1140736K
  class space    used 13136K, capacity 14186K, committed 14232K, reserved 1048576K
}
Event: 61.597 GC heap before
{Heap before GC invocations=44 (full 0):
 garbage-first heap   total 157696K, used 119565K [0x0000000080000000, 0x0000000100000000)
  region size 1024K, 9 young (9216K), 1 survivors (1024K)
 Metaspace       used 102787K, capacity 105641K, committed 105896K, reserved 1140736K
  class space    used 13152K, capacity 14200K, committed 14232K, reserved 1048576K
}
Event: 61.601 GC heap after
{Heap after GC invocations=45 (full 0):
 garbage-first heap   total 157696K, used 116422K [0x0000000080000000, 0x0000000100000000)
  region size 1024K, 4 young (4096K), 4 survivors (4096K)
 Metaspace       used 102787K, capacity 105641K, committed 105896K, reserved 1140736K
  class space    used 13152K, capacity 14200K, committed 14232K, reserved 1048576K
}
Event: 62.084 GC heap before
{Heap before GC invocations=46 (full 0):
 garbage-first heap   total 157696K, used 132806K [0x0000000080000000, 0x0000000100000000)
  region size 1024K, 17 young (17408K), 4 survivors (4096K)
 Metaspace       used 105257K, capacity 108060K, committed 108328K, reserved 1142784K
  class space    used 13492K, capacity 14549K, committed 14616K, reserved 1048576K
}
Event: 62.089 GC heap after
{Heap after GC invocations=47 (full 0):
 garbage-first heap   total 157696K, used 121626K [0x0000000080000000, 0x0000000100000000)
  region size 1024K, 1 young (1024K), 1 survivors (1024K)
 Metaspace       used 105257K, capacity 108060K, committed 108328K, reserved 1142784K
  class space    used 13492K, capacity 14549K, committed 14616K, reserved 1048576K
}
Event: 62.169 GC heap before
{Heap before GC invocations=47 (full 0):
 garbage-first heap   total 157696K, used 124698K [0x0000000080000000, 0x0000000100000000)
  region size 1024K, 6 young (6144K), 1 survivors (1024K)
 Metaspace       used 106249K, capacity 109109K, committed 109224K, reserved 1144832K
  class space    used 13625K, capacity 14667K, committed 14744K, reserved 1048576K
}
Event: 62.173 GC heap after
{Heap after GC invocations=48 (full 0):
 garbage-first heap   total 157696K, used 122534K [0x0000000080000000, 0x0000000100000000)
  region size 1024K, 2 young (2048K), 2 survivors (2048K)
 Metaspace       used 106249K, capacity 109109K, committed 109224K, reserved 1144832K
  class space    used 13625K, capacity 14667K, committed 14744K, reserved 1048576K
}
Event: 62.193 GC heap before
{Heap before GC invocations=48 (full 0):
 garbage-first heap   total 171008K, used 169638K [0x0000000080000000, 0x0000000100000000)
  region size 1024K, 11 young (11264K), 2 survivors (2048K)
 Metaspace       used 106254K, capacity 109109K, committed 109224K, reserved 1144832K
  class space    used 13625K, capacity 14667K, committed 14744K, reserved 1048576K
}
Event: 62.196 GC heap after
{Heap after GC invocations=49 (full 0):
 garbage-first heap   total 176128K, used 141060K [0x0000000080000000, 0x0000000100000000)
  region size 1024K, 2 young (2048K), 2 survivors (2048K)
 Metaspace       used 106254K, capacity 109109K, committed 109224K, reserved 1144832K
  class space    used 13625K, capacity 14667K, committed 14744K, reserved 1048576K
}
Event: 62.353 GC heap before
{Heap before GC invocations=49 (full 0):
 garbage-first heap   total 176128K, used 150276K [0x0000000080000000, 0x0000000100000000)
  region size 1024K, 10 young (10240K), 2 survivors (2048K)
 Metaspace       used 106549K, capacity 109471K, committed 109864K, reserved 1144832K
  class space    used 13665K, capacity 14728K, committed 14872K, reserved 1048576K
}
Event: 62.359 GC heap after
{Heap after GC invocations=50 (full 0):
 garbage-first heap   total 176128K, used 144668K [0x0000000080000000, 0x0000000100000000)
  region size 1024K, 2 young (2048K), 2 survivors (2048K)
 Metaspace       used 106549K, capacity 109471K, committed 109864K, reserved 1144832K
  class space    used 13665K, capacity 14728K, committed 14872K, reserved 1048576K
}
Event: 62.414 GC heap before
{Heap before GC invocations=50 (full 0):
 garbage-first heap   total 176128K, used 149788K [0x0000000080000000, 0x0000000100000000)
  region size 1024K, 8 young (8192K), 2 survivors (2048K)
 Metaspace       used 106551K, capacity 109471K, committed 109864K, reserved 1144832K
  class space    used 13665K, capacity 14728K, committed 14872K, reserved 1048576K
}
Event: 62.419 GC heap after
{Heap after GC invocations=51 (full 0):
 garbage-first heap   total 176128K, used 147187K [0x0000000080000000, 0x0000000100000000)
  region size 1024K, 1 young (1024K), 1 survivors (1024K)
 Metaspace       used 106551K, capacity 109471K, committed 109864K, reserved 1144832K
  class space    used 13665K, capacity 14728K, committed 14872K, reserved 1048576K
}
Event: 62.466 GC heap before
{Heap before GC invocations=52 (full 0):
 garbage-first heap   total 176128K, used 153331K [0x0000000080000000, 0x0000000100000000)
  region size 1024K, 8 young (8192K), 1 survivors (1024K)
 Metaspace       used 106551K, capacity 109471K, committed 109864K, reserved 1144832K
  class space    used 13665K, capacity 14728K, committed 14872K, reserved 1048576K
}
Event: 62.471 GC heap after
{Heap after GC invocations=53 (full 0):
 garbage-first heap   total 176128K, used 150204K [0x0000000080000000, 0x0000000100000000)
  region size 1024K, 1 young (1024K), 1 survivors (1024K)
 Metaspace       used 106551K, capacity 109471K, committed 109864K, reserved 1144832K
  class space    used 13665K, capacity 14728K, committed 14872K, reserved 1048576K
}
Event: 62.512 GC heap before
{Heap before GC invocations=53 (full 0):
 garbage-first heap   total 176128K, used 157372K [0x0000000080000000, 0x0000000100000000)
  region size 1024K, 8 young (8192K), 1 survivors (1024K)
 Metaspace       used 106551K, capacity 109471K, committed 109864K, reserved 1144832K
  class space    used 13665K, capacity 14728K, committed 14872K, reserved 1048576K
}
Event: 62.520 GC heap after
{Heap after GC invocations=54 (full 0):
 garbage-first heap   total 176128K, used 153263K [0x0000000080000000, 0x0000000100000000)
  region size 1024K, 1 young (1024K), 1 survivors (1024K)
 Metaspace       used 106551K, capacity 109471K, committed 109864K, reserved 1144832K
  class space    used 13665K, capacity 14728K, committed 14872K, reserved 1048576K
}

