# JRE version: OpenJDK Runtime Environment (11.0.15) (build 11.0.15+0-b2043.56-9505619)
# Java VM: OpenJDK 64-Bit Server VM (11.0.15+0-b2043.56-9505619, mixed mode, tiered, compressed oops, g1 gc, windows-amd64)
Heap:
 garbage-first heap   total 249856K, used 171188K [0x0000000080000000, 0x0000000100000000)
  region size 1024K, 2 young (2048K), 2 survivors (2048K)
 Metaspace       used 98923K, capacity 101694K, committed 101928K, reserved 1136640K
  class space    used 13041K, capacity 14071K, committed 14104K, reserved 1048576K
GC Heap History (20 events):
Event: 18.174 GC heap after
{Heap after GC invocations=18 (full 0):
 garbage-first heap   total 189440K, used 69489K [0x0000000080000000, 0x0000000100000000)
  region size 1024K, 10 young (10240K), 10 survivors (10240K)
 Metaspace       used 81324K, capacity 83304K, committed 83368K, reserved 1122304K
  class space    used 10620K, capacity 11374K, committed 11416K, reserved 1048576K
}
Event: 18.914 GC heap before
{Heap before GC invocations=18 (full 0):
 garbage-first heap   total 189440K, used 144241K [0x0000000080000000, 0x0000000100000000)
  region size 1024K, 83 young (84992K), 10 survivors (10240K)
 Metaspace       used 84244K, capacity 86295K, committed 86312K, reserved 1124352K
  class space    used 10983K, capacity 11783K, committed 11800K, reserved 1048576K
}
Event: 18.927 GC heap after
{Heap after GC invocations=19 (full 0):
 garbage-first heap   total 189440K, used 77109K [0x0000000080000000, 0x0000000100000000)
  region size 1024K, 11 young (11264K), 11 survivors (11264K)
 Metaspace       used 84244K, capacity 86295K, committed 86312K, reserved 1124352K
  class space    used 10983K, capacity 11783K, committed 11800K, reserved 1048576K
}
Event: 19.720 GC heap before
{Heap before GC invocations=19 (full 0):
 garbage-first heap   total 189440K, used 147765K [0x0000000080000000, 0x0000000100000000)
  region size 1024K, 80 young (81920K), 11 survivors (11264K)
 Metaspace       used 86768K, capacity 89252K, committed 89512K, reserved 1126400K
  class space    used 11440K, capacity 12381K, committed 12440K, reserved 1048576K
}
Event: 19.735 GC heap after
{Heap after GC invocations=20 (full 0):
 garbage-first heap   total 189440K, used 85100K [0x0000000080000000, 0x0000000100000000)
  region size 1024K, 8 young (8192K), 8 survivors (8192K)
 Metaspace       used 86768K, capacity 89252K, committed 89512K, reserved 1126400K
  class space    used 11440K, capacity 12381K, committed 12440K, reserved 1048576K
}
Event: 20.528 GC heap before
{Heap before GC invocations=20 (full 0):
 garbage-first heap   total 189440K, used 149612K [0x0000000080000000, 0x0000000100000000)
  region size 1024K, 72 young (73728K), 8 survivors (8192K)
 Metaspace       used 89012K, capacity 91667K, committed 91816K, reserved 1128448K
  class space    used 11636K, capacity 12626K, committed 12696K, reserved 1048576K
}
Event: 20.540 GC heap after
{Heap after GC invocations=21 (full 0):
 garbage-first heap   total 189440K, used 89768K [0x0000000080000000, 0x0000000100000000)
  region size 1024K, 5 young (5120K), 5 survivors (5120K)
 Metaspace       used 89012K, capacity 91667K, committed 91816K, reserved 1128448K
  class space    used 11636K, capacity 12626K, committed 12696K, reserved 1048576K
}
Event: 20.979 GC heap before
{Heap before GC invocations=21 (full 0):
 garbage-first heap   total 189440K, used 145064K [0x0000000080000000, 0x0000000100000000)
  region size 1024K, 61 young (62464K), 5 survivors (5120K)
 Metaspace       used 90656K, capacity 93389K, committed 93608K, reserved 1130496K
  class space    used 11823K, capacity 12848K, committed 12952K, reserved 1048576K
}
Event: 20.990 GC heap after
{Heap after GC invocations=22 (full 0):
 garbage-first heap   total 189440K, used 91822K [0x0000000080000000, 0x0000000100000000)
  region size 1024K, 7 young (7168K), 7 survivors (7168K)
 Metaspace       used 90656K, capacity 93389K, committed 93608K, reserved 1130496K
  class space    used 11823K, capacity 12848K, committed 12952K, reserved 1048576K
}
Event: 21.422 GC heap before
{Heap before GC invocations=23 (full 0):
 garbage-first heap   total 189440K, used 155310K [0x0000000080000000, 0x0000000100000000)
  region size 1024K, 55 young (56320K), 7 survivors (7168K)
 Metaspace       used 95642K, capacity 98203K, committed 98856K, reserved 1134592K
  class space    used 12433K, capacity 13406K, committed 13592K, reserved 1048576K
}
Event: 21.433 GC heap after
{Heap after GC invocations=24 (full 0):
 garbage-first heap   total 189440K, used 114018K [0x0000000080000000, 0x0000000100000000)
  region size 1024K, 9 young (9216K), 9 survivors (9216K)
 Metaspace       used 95642K, capacity 98203K, committed 98856K, reserved 1134592K
  class space    used 12433K, capacity 13406K, committed 13592K, reserved 1048576K
}
Event: 21.636 GC heap before
{Heap before GC invocations=25 (full 0):
 garbage-first heap   total 189440K, used 187746K [0x0000000080000000, 0x0000000100000000)
  region size 1024K, 42 young (43008K), 9 survivors (9216K)
 Metaspace       used 96446K, capacity 99014K, committed 99496K, reserved 1134592K
  class space    used 12533K, capacity 13525K, committed 13720K, reserved 1048576K
}
Event: 21.650 GC heap after
{Heap after GC invocations=26 (full 0):
 garbage-first heap   total 207872K, used 140222K [0x0000000080000000, 0x0000000100000000)
  region size 1024K, 7 young (7168K), 7 survivors (7168K)
 Metaspace       used 96446K, capacity 99014K, committed 99496K, reserved 1134592K
  class space    used 12533K, capacity 13525K, committed 13720K, reserved 1048576K
}
Event: 21.751 GC heap before
{Heap before GC invocations=26 (full 0):
 garbage-first heap   total 207872K, used 159678K [0x0000000080000000, 0x0000000100000000)
  region size 1024K, 28 young (28672K), 7 survivors (7168K)
 Metaspace       used 96573K, capacity 99220K, committed 99752K, reserved 1136640K
  class space    used 12549K, capacity 13530K, committed 13720K, reserved 1048576K
}
Event: 21.764 GC heap after
{Heap after GC invocations=27 (full 0):
 garbage-first heap   total 207872K, used 148328K [0x0000000080000000, 0x0000000100000000)
  region size 1024K, 5 young (5120K), 5 survivors (5120K)
 Metaspace       used 96573K, capacity 99220K, committed 99752K, reserved 1136640K
  class space    used 12549K, capacity 13530K, committed 13720K, reserved 1048576K
}
Event: 21.979 GC heap before
{Heap before GC invocations=27 (full 0):
 garbage-first heap   total 207872K, used 171880K [0x0000000080000000, 0x0000000100000000)
  region size 1024K, 27 young (27648K), 5 survivors (5120K)
 Metaspace       used 97401K, capacity 100099K, committed 100392K, reserved 1136640K
  class space    used 12705K, capacity 13725K, committed 13848K, reserved 1048576K
}
Event: 21.993 GC heap after
{Heap after GC invocations=28 (full 0):
 garbage-first heap   total 207872K, used 158679K [0x0000000080000000, 0x0000000100000000)
  region size 1024K, 4 young (4096K), 4 survivors (4096K)
 Metaspace       used 97401K, capacity 100099K, committed 100392K, reserved 1136640K
  class space    used 12705K, capacity 13725K, committed 13848K, reserved 1048576K
}
Event: 22.168 GC heap before
{Heap before GC invocations=29 (full 0):
 garbage-first heap   total 207872K, used 173015K [0x0000000080000000, 0x0000000100000000)
  region size 1024K, 19 young (19456K), 4 survivors (4096K)
 Metaspace       used 98892K, capacity 101693K, committed 101928K, reserved 1136640K
  class space    used 13041K, capacity 14071K, committed 14104K, reserved 1048576K
}
Event: 22.180 GC heap after
{Heap after GC invocations=30 (full 0):
 garbage-first heap   total 207872K, used 165456K [0x0000000080000000, 0x0000000100000000)
  region size 1024K, 3 young (3072K), 3 survivors (3072K)
 Metaspace       used 98892K, capacity 101693K, committed 101928K, reserved 1136640K
  class space    used 13041K, capacity 14071K, committed 14104K, reserved 1048576K
}
Event: 22.219 GC heap before
{Heap before GC invocations=30 (full 0):
 garbage-first heap   total 207872K, used 175696K [0x0000000080000000, 0x0000000100000000)
  region size 1024K, 13 young (13312K), 3 survivors (3072K)
 Metaspace       used 98923K, capacity 101694K, committed 101928K, reserved 1136640K
  class space    used 13041K, capacity 14071K, committed 14104K, reserved 1048576K
}

