# JRE version: OpenJDK Runtime Environment (11.0.15) (build 11.0.15+0-b2043.56-9505619)
# Java VM: OpenJDK 64-Bit Server VM (11.0.15+0-b2043.56-9505619, mixed mode, tiered, compressed oops, g1 gc, windows-amd64)
Heap:
 garbage-first heap   total 227328K, used 94208K [0x0000000080000000, 0x0000000100000000)
  region size 1024K, 24 young (24576K), 15 survivors (15360K)
 Metaspace       used 91215K, capacity 93311K, committed 93448K, reserved 1130496K
  class space    used 11834K, capacity 12653K, committed 12748K, reserved 1048576K
GC Heap History (20 events):
Event: 21.979 GC heap before
{Heap before GC invocations=33 (full 0):
 garbage-first heap   total 157696K, used 134479K [0x0000000080000000, 0x0000000100000000)
  region size 1024K, 91 young (93184K), 6 survivors (6144K)
 Metaspace       used 56704K, capacity 57939K, committed 58192K, reserved 1099776K
  class space    used 7115K, capacity 7593K, committed 7628K, reserved 1048576K
}
Event: 21.983 GC heap after
{Heap after GC invocations=34 (full 0):
 garbage-first heap   total 157696K, used 47693K [0x0000000080000000, 0x0000000100000000)
  region size 1024K, 6 young (6144K), 6 survivors (6144K)
 Metaspace       used 56704K, capacity 57939K, committed 58192K, reserved 1099776K
  class space    used 7115K, capacity 7593K, committed 7628K, reserved 1048576K
}
Event: 22.304 GC heap before
{Heap before GC invocations=34 (full 0):
 garbage-first heap   total 157696K, used 134733K [0x0000000080000000, 0x0000000100000000)
  region size 1024K, 91 young (93184K), 6 survivors (6144K)
 Metaspace       used 56707K, capacity 57939K, committed 58192K, reserved 1099776K
  class space    used 7115K, capacity 7593K, committed 7628K, reserved 1048576K
}
Event: 22.310 GC heap after
{Heap after GC invocations=35 (full 0):
 garbage-first heap   total 189440K, used 48226K [0x0000000080000000, 0x0000000100000000)
  region size 1024K, 7 young (7168K), 7 survivors (7168K)
 Metaspace       used 56707K, capacity 57939K, committed 58192K, reserved 1099776K
  class space    used 7115K, capacity 7593K, committed 7628K, reserved 1048576K
}
Event: 22.710 GC heap before
{Heap before GC invocations=35 (full 0):
 garbage-first heap   total 189440K, used 151650K [0x0000000080000000, 0x0000000100000000)
  region size 1024K, 108 young (110592K), 7 survivors (7168K)
 Metaspace       used 56708K, capacity 57939K, committed 58192K, reserved 1099776K
  class space    used 7115K, capacity 7593K, committed 7628K, reserved 1048576K
}
Event: 22.715 GC heap after
{Heap after GC invocations=36 (full 0):
 garbage-first heap   total 189440K, used 48726K [0x0000000080000000, 0x0000000100000000)
  region size 1024K, 7 young (7168K), 7 survivors (7168K)
 Metaspace       used 56708K, capacity 57939K, committed 58192K, reserved 1099776K
  class space    used 7115K, capacity 7593K, committed 7628K, reserved 1048576K
}
Event: 23.064 GC heap before
{Heap before GC invocations=36 (full 0):
 garbage-first heap   total 189440K, used 155222K [0x0000000080000000, 0x0000000100000000)
  region size 1024K, 111 young (113664K), 7 survivors (7168K)
 Metaspace       used 56708K, capacity 57939K, committed 58192K, reserved 1099776K
  class space    used 7116K, capacity 7593K, committed 7628K, reserved 1048576K
}
Event: 23.069 GC heap after
{Heap after GC invocations=37 (full 0):
 garbage-first heap   total 189440K, used 49372K [0x0000000080000000, 0x0000000100000000)
  region size 1024K, 7 young (7168K), 7 survivors (7168K)
 Metaspace       used 56708K, capacity 57939K, committed 58192K, reserved 1099776K
  class space    used 7116K, capacity 7593K, committed 7628K, reserved 1048576K
}
Event: 23.358 GC heap before
{Heap before GC invocations=37 (full 0):
 garbage-first heap   total 189440K, used 155868K [0x0000000080000000, 0x0000000100000000)
  region size 1024K, 111 young (113664K), 7 survivors (7168K)
 Metaspace       used 56709K, capacity 57939K, committed 58192K, reserved 1099776K
  class space    used 7116K, capacity 7593K, committed 7628K, reserved 1048576K
}
Event: 23.365 GC heap after
{Heap after GC invocations=38 (full 0):
 garbage-first heap   total 189440K, used 50021K [0x0000000080000000, 0x0000000100000000)
  region size 1024K, 8 young (8192K), 8 survivors (8192K)
 Metaspace       used 56709K, capacity 57939K, committed 58192K, reserved 1099776K
  class space    used 7116K, capacity 7593K, committed 7628K, reserved 1048576K
}
Event: 27.380 GC heap before
{Heap before GC invocations=38 (full 0):
 garbage-first heap   total 189440K, used 163685K [0x0000000080000000, 0x0000000100000000)
  region size 1024K, 111 young (113664K), 8 survivors (8192K)
 Metaspace       used 61701K, capacity 63085K, committed 63184K, reserved 1103872K
  class space    used 7727K, capacity 8245K, committed 8268K, reserved 1048576K
}
Event: 27.385 GC heap after
{Heap after GC invocations=39 (full 0):
 garbage-first heap   total 227328K, used 56054K [0x0000000080000000, 0x0000000100000000)
  region size 1024K, 9 young (9216K), 9 survivors (9216K)
 Metaspace       used 61701K, capacity 63085K, committed 63184K, reserved 1103872K
  class space    used 7727K, capacity 8245K, committed 8268K, reserved 1048576K
}
Event: 29.348 GC heap before
{Heap before GC invocations=39 (full 0):
 garbage-first heap   total 227328K, used 151286K [0x0000000080000000, 0x0000000100000000)
  region size 1024K, 96 young (98304K), 9 survivors (9216K)
 Metaspace       used 69472K, capacity 71028K, committed 71176K, reserved 1112064K
  class space    used 8728K, capacity 9370K, committed 9420K, reserved 1048576K
}
Event: 29.372 GC heap after
{Heap after GC invocations=40 (full 0):
 garbage-first heap   total 227328K, used 62619K [0x0000000080000000, 0x0000000100000000)
  region size 1024K, 16 young (16384K), 16 survivors (16384K)
 Metaspace       used 69472K, capacity 71028K, committed 71176K, reserved 1112064K
  class space    used 8728K, capacity 9370K, committed 9420K, reserved 1048576K
}
Event: 32.027 GC heap before
{Heap before GC invocations=41 (full 0):
 garbage-first heap   total 227328K, used 174235K [0x0000000080000000, 0x0000000100000000)
  region size 1024K, 124 young (126976K), 16 survivors (16384K)
 Metaspace       used 75973K, capacity 77625K, committed 77704K, reserved 1116160K
  class space    used 9603K, capacity 10275K, committed 10316K, reserved 1048576K
}
Event: 32.040 GC heap after
{Heap after GC invocations=42 (full 0):
 garbage-first heap   total 227328K, used 68971K [0x0000000080000000, 0x0000000100000000)
  region size 1024K, 14 young (14336K), 14 survivors (14336K)
 Metaspace       used 75973K, capacity 77625K, committed 77704K, reserved 1116160K
  class space    used 9603K, capacity 10275K, committed 10316K, reserved 1048576K
}
Event: 35.114 GC heap before
{Heap before GC invocations=42 (full 0):
 garbage-first heap   total 227328K, used 177515K [0x0000000080000000, 0x0000000100000000)
  region size 1024K, 120 young (122880K), 14 survivors (14336K)
 Metaspace       used 87526K, capacity 89397K, committed 89608K, reserved 1126400K
  class space    used 11358K, capacity 12114K, committed 12236K, reserved 1048576K
}
Event: 35.138 GC heap after
{Heap after GC invocations=43 (full 0):
 garbage-first heap   total 227328K, used 75088K [0x0000000080000000, 0x0000000100000000)
  region size 1024K, 13 young (13312K), 13 survivors (13312K)
 Metaspace       used 87526K, capacity 89397K, committed 89608K, reserved 1126400K
  class space    used 11358K, capacity 12114K, committed 12236K, reserved 1048576K
}
Event: 37.369 GC heap before
{Heap before GC invocations=43 (full 0):
 garbage-first heap   total 227328K, used 179536K [0x0000000080000000, 0x0000000100000000)
  region size 1024K, 115 young (117760K), 13 survivors (13312K)
 Metaspace       used 90829K, capacity 92913K, committed 93064K, reserved 1130496K
  class space    used 11756K, capacity 12542K, committed 12620K, reserved 1048576K
}
Event: 37.396 GC heap after
{Heap after GC invocations=44 (full 0):
 garbage-first heap   total 227328K, used 86016K [0x0000000080000000, 0x0000000100000000)
  region size 1024K, 15 young (15360K), 15 survivors (15360K)
 Metaspace       used 90829K, capacity 92913K, committed 93064K, reserved 1130496K
  class space    used 11756K, capacity 12542K, committed 12620K, reserved 1048576K
}

